#
# There is insufficient memory for the Java Runtime Environment to continue.
# Native memory allocation (malloc) failed to allocate 32744 bytes for ChunkPool::allocate
# Possible reasons:
#   The system is out of physical RAM or swap space
#   The process is running with CompressedOops enabled, and the Java Heap may be blocking the growth of the native heap
# Possible solutions:
#   Reduce memory load on the system
#   Increase physical memory or swap space
#   Check if swap backing store is full
#   Decrease Java heap size (-Xmx/-Xms)
#   Decrease number of Java threads
#   Decrease Java thread stack sizes (-Xss)
#   Set larger code cache with -XX:ReservedCodeCacheSize=
#   JVM is running with Unscaled Compressed Oops mode in which the Java heap is
#     placed in the first 4GB address space. The Java Heap base address is the
#     maximum limit for the native heap growth. Please use -XX:HeapBaseMinAddress
#     to set the Java Heap base and to place the Java Heap above 4GB virtual address.
# This output file may be truncated or incomplete.
#
#  Out of Memory Error (arena.cpp:78), pid=5296, tid=15916
#
# JRE version: OpenJDK Runtime Environment Corretto-17.0.5.8.1 (17.0.5+8) (build 17.0.5+8-LTS)
# Java VM: OpenJDK 64-Bit Server VM Corretto-17.0.5.8.1 (17.0.5+8-LTS, mixed mode, sharing, tiered, compressed oops, compressed class ptrs, g1 gc, windows-amd64)
# No core dump will be written. Minidumps are not enabled by default on client versions of Windows
#

---------------  S U M M A R Y ------------

Command Line: -javaagent:C:\Program Files\JetBrains\IntelliJ IDEA 2022.2\lib\idea_rt.jar=54001:C:\Program Files\JetBrains\IntelliJ IDEA 2022.2\bin -Dfile.encoding=UTF-8 Main

Host: Intel(R) Core(TM) i5-5250U CPU @ 1.60GHz, 4 cores, 7G,  Windows 10 , 64 bit Build 19041 (10.0.19041.1889)
Time: Sun Mar 12 20:44:17 2023 RTZ 2 (s 10 , 64 bit Build 19041 (10.0.19041.1889) elapsed time: 16.752579 seconds (0d 0h 0m 16s)

---------------  T H R E A D  ---------------

Current thread (0x00000253d08f37c0):  JavaThread "C2 CompilerThread0" daemon [_thread_in_native, id=15916, stack(0x000000bfa1b00000,0x000000bfa1c00000)]


Current CompileTask:
C2:  16752 1482 % !   4       TankPanel::paintComponent @ 259 (520 bytes)

Stack: [0x000000bfa1b00000,0x000000bfa1c00000]
Native frames: (J=compiled Java code, j=interpreted, Vv=VM code, C=native code)
V  [jvm.dll+0x646e0a]
V  [jvm.dll+0x7f7f14]
V  [jvm.dll+0x7f96ce]
V  [jvm.dll+0x7f9d23]
V  [jvm.dll+0x234c98]
V  [jvm.dll+0xbcf18]
V  [jvm.dll+0xbd2dc]
V  [jvm.dll+0xa2ada]
V  [jvm.dll+0x5d5c90]
V  [jvm.dll+0x5d6144]
V  [jvm.dll+0x5d5dcc]
V  [jvm.dll+0x5db62b]
V  [jvm.dll+0x5dc397]
V  [jvm.dll+0x5da991]
V  [jvm.dll+0x209136]
V  [jvm.dll+0x208837]
V  [jvm.dll+0x198a9d]
V  [jvm.dll+0x217bdd]
V  [jvm.dll+0x215e24]
V  [jvm.dll+0x7b06ab]
V  [jvm.dll+0x7aac5a]
V  [jvm.dll+0x645cd5]
C  [ucrtbase.dll+0x21bb2]
C  [KERNEL32.DLL+0x17034]
C  [ntdll.dll+0x526a1]


---------------  P R O C E S S  ---------------

Threads class SMR info:
_java_thread_list=0x00000253d28d6710, length=19, elements={
0x00000253b0ea42b0, 0x00000253d08d51a0, 0x00000253d08d6010, 0x00000253d08edcf0,
0x00000253d08f06c0, 0x00000253d08f1070, 0x00000253d08f2a30, 0x00000253d08f37c0,
0x00000253d08f4a00, 0x00000253d096be40, 0x00000253d14483e0, 0x00000253d159c620,
0x00000253d159caf0, 0x00000253d16b2fe0, 0x00000253d17104a0, 0x00000253d16bfb20,
0x00000253d15c76c0, 0x00000253d179c8c0, 0x00000253d26f6330
}

Java Threads: ( => current thread )
  0x00000253b0ea42b0 JavaThread "main" [_thread_blocked, id=9324, stack(0x000000bfa0e00000,0x000000bfa0f00000)]
  0x00000253d08d51a0 JavaThread "Reference Handler" daemon [_thread_blocked, id=11720, stack(0x000000bfa1500000,0x000000bfa1600000)]
  0x00000253d08d6010 JavaThread "Finalizer" daemon [_thread_blocked, id=8336, stack(0x000000bfa1600000,0x000000bfa1700000)]
  0x00000253d08edcf0 JavaThread "Signal Dispatcher" daemon [_thread_blocked, id=1664, stack(0x000000bfa1700000,0x000000bfa1800000)]
  0x00000253d08f06c0 JavaThread "Attach Listener" daemon [_thread_blocked, id=9440, stack(0x000000bfa1800000,0x000000bfa1900000)]
  0x00000253d08f1070 JavaThread "Service Thread" daemon [_thread_blocked, id=13500, stack(0x000000bfa1900000,0x000000bfa1a00000)]
  0x00000253d08f2a30 JavaThread "Monitor Deflation Thread" daemon [_thread_blocked, id=14392, stack(0x000000bfa1a00000,0x000000bfa1b00000)]
=>0x00000253d08f37c0 JavaThread "C2 CompilerThread0" daemon [_thread_in_native, id=15916, stack(0x000000bfa1b00000,0x000000bfa1c00000)]
  0x00000253d08f4a00 JavaThread "C1 CompilerThread0" daemon [_thread_blocked, id=10020, stack(0x000000bfa1c00000,0x000000bfa1d00000)]
  0x00000253d096be40 JavaThread "Sweeper thread" daemon [_thread_blocked, id=8556, stack(0x000000bfa1d00000,0x000000bfa1e00000)]
  0x00000253d14483e0 JavaThread "Common-Cleaner" daemon [_thread_blocked, id=16532, stack(0x000000bfa1e00000,0x000000bfa1f00000)]
  0x00000253d159c620 JavaThread "Monitor Ctrl-Break" daemon [_thread_in_native, id=11552, stack(0x000000bfa1f00000,0x000000bfa2000000)]
  0x00000253d159caf0 JavaThread "Notification Thread" daemon [_thread_blocked, id=18876, stack(0x000000bfa2000000,0x000000bfa2100000)]
  0x00000253d16b2fe0 JavaThread "Java2D Disposer" daemon [_thread_blocked, id=7636, stack(0x000000bfa2200000,0x000000bfa2300000)]
  0x00000253d17104a0 JavaThread "AWT-Windows" daemon [_thread_in_native, id=14456, stack(0x000000bfa2400000,0x000000bfa2500000)]
  0x00000253d16bfb20 JavaThread "Thread-0" [_thread_blocked, id=18160, stack(0x000000bfa2300000,0x000000bfa2400000)]
  0x00000253d15c76c0 JavaThread "AWT-Shutdown" [_thread_blocked, id=2340, stack(0x000000bfa2800000,0x000000bfa2900000)]
  0x00000253d179c8c0 JavaThread "AWT-EventQueue-0" [_thread_in_native, id=14468, stack(0x000000bfa2900000,0x000000bfa2a00000)]
  0x00000253d26f6330 JavaThread "Java Sound Event Dispatcher" daemon [_thread_blocked, id=13120, stack(0x000000bfa2c00000,0x000000bfa2d00000)]

Other Threads:
  0x00000253d08cf540 VMThread "VM Thread" [stack: 0x000000bfa1400000,0x000000bfa1500000] [id=17516]
  0x00000253b0ea5260 WatcherThread [stack: 0x000000bfa2100000,0x000000bfa2200000] [id=10720]
  0x00000253b0efd720 GCTaskThread "GC Thread#0" [stack: 0x000000bfa0f00000,0x000000bfa1000000] [id=9112]
  0x00000253d178a1b0 GCTaskThread "GC Thread#1" [stack: 0x000000bfa2500000,0x000000bfa2600000] [id=7596]
  0x00000253d1778250 GCTaskThread "GC Thread#2" [stack: 0x000000bfa2600000,0x000000bfa2700000] [id=18768]
  0x00000253d1778500 GCTaskThread "GC Thread#3" [stack: 0x000000bfa2700000,0x000000bfa2800000] [id=13868]
  0x00000253b0f0e2e0 ConcurrentGCThread "G1 Main Marker" [stack: 0x000000bfa1000000,0x000000bfa1100000] [id=4488]
  0x00000253b0f0ecf0 ConcurrentGCThread "G1 Conc#0" [stack: 0x000000bfa1100000,0x000000bfa1200000] [id=7908]
  0x00000253b0f72390 ConcurrentGCThread "G1 Refine#0" [stack: 0x000000bfa1200000,0x000000bfa1300000] [id=17816]
  0x00000253d0790090 ConcurrentGCThread "G1 Service" [stack: 0x000000bfa1300000,0x000000bfa1400000] [id=2480]

Threads with active compile tasks:
C2 CompilerThread0    17145 1482 % !   4       TankPanel::paintComponent @ 259 (520 bytes)

VM state: not at safepoint (normal execution)

VM Mutex/Monitor currently owned by a thread: None

Heap address: 0x0000000081c00000, size: 2020 MB, Compressed Oops mode: 32-bit

CDS archive(s) mapped at: [0x0000000800000000-0x0000000800bc0000-0x0000000800bc0000), size 12320768, SharedBaseAddress: 0x0000000800000000, ArchiveRelocationMode: 0.
Compressed class space mapped at: 0x0000000800c00000-0x0000000840c00000, reserved size: 1073741824
Narrow klass base: 0x0000000800000000, Narrow klass shift: 0, Narrow klass range: 0x100000000

GC Precious Log:
 CPUs: 4 total, 4 available
 Memory: 8077M
 Large Page Support: Disabled
 NUMA Support: Disabled
 Compressed Oops: Enabled (32-bit)
 Heap Region Size: 1M
 Heap Min Capacity: 8M
 Heap Initial Capacity: 128M
 Heap Max Capacity: 2020M
 Pre-touch: Disabled
 Parallel Workers: 4
 Concurrent Workers: 1
 Concurrent Refinement Workers: 4
 Periodic GC: Disabled

Heap:
 garbage-first heap   total 131072K, used 29835K [0x0000000081c00000, 0x0000000100000000)
  region size 1024K, 16 young (16384K), 2 survivors (2048K)
 Metaspace       used 8559K, committed 8768K, reserved 1056768K
  class space    used 855K, committed 960K, reserved 1048576K

Heap Regions: E=young(eden), S=young(survivor), O=old, HS=humongous(starts), HC=humongous(continues), CS=collection set, F=free, OA=open archive, CA=closed archive, TAMS=top-at-mark-start (previous, next)
|   0|0x0000000081c00000, 0x0000000081d00000, 0x0000000081d00000|100%|HS|  |TAMS 0x0000000081c00000, 0x0000000081c00000| Complete 
|   1|0x0000000081d00000, 0x0000000081e00000, 0x0000000081e00000|100%|HC|  |TAMS 0x0000000081d00000, 0x0000000081d00000| Complete 
|   2|0x0000000081e00000, 0x0000000081f00000, 0x0000000081f00000|100%|HC|  |TAMS 0x0000000081e00000, 0x0000000081e00000| Complete 
|   3|0x0000000081f00000, 0x0000000082000000, 0x0000000082000000|100%|HS|  |TAMS 0x0000000081f00000, 0x0000000081f00000| Complete 
|   4|0x0000000082000000, 0x0000000082100000, 0x0000000082100000|100%|HC|  |TAMS 0x0000000082000000, 0x0000000082000000| Complete 
|   5|0x0000000082100000, 0x0000000082200000, 0x0000000082200000|100%| O|  |TAMS 0x0000000082100000, 0x0000000082100000| Untracked 
|   6|0x0000000082200000, 0x00000000822df200, 0x0000000082300000| 87%| O|  |TAMS 0x0000000082200000, 0x0000000082200000| Untracked 
|   7|0x0000000082300000, 0x0000000082400000, 0x0000000082400000|100%|HS|  |TAMS 0x0000000082300000, 0x0000000082300000| Complete 
|   8|0x0000000082400000, 0x0000000082500000, 0x0000000082500000|100%|HC|  |TAMS 0x0000000082400000, 0x0000000082400000| Complete 
|   9|0x0000000082500000, 0x0000000082600000, 0x0000000082600000|100%|HC|  |TAMS 0x0000000082500000, 0x0000000082500000| Complete 
|  10|0x0000000082600000, 0x0000000082700000, 0x0000000082700000|100%|HC|  |TAMS 0x0000000082600000, 0x0000000082600000| Complete 
|  11|0x0000000082700000, 0x0000000082800000, 0x0000000082800000|100%|HC|  |TAMS 0x0000000082700000, 0x0000000082700000| Complete 
|  12|0x0000000082800000, 0x0000000082900000, 0x0000000082900000|100%|HC|  |TAMS 0x0000000082800000, 0x0000000082800000| Complete 
|  13|0x0000000082900000, 0x0000000082a00000, 0x0000000082a00000|100%|HC|  |TAMS 0x0000000082900000, 0x0000000082900000| Complete 
|  14|0x0000000082a00000, 0x0000000082b00000, 0x0000000082b00000|100%|HC|  |TAMS 0x0000000082a00000, 0x0000000082a00000| Complete 
|  15|0x0000000082b00000, 0x0000000082b00000, 0x0000000082c00000|  0%| F|  |TAMS 0x0000000082b00000, 0x0000000082b00000| Untracked 
|  16|0x0000000082c00000, 0x0000000082c00000, 0x0000000082d00000|  0%| F|  |TAMS 0x0000000082c00000, 0x0000000082c00000| Untracked 
|  17|0x0000000082d00000, 0x0000000082d00000, 0x0000000082e00000|  0%| F|  |TAMS 0x0000000082d00000, 0x0000000082d00000| Untracked 
|  18|0x0000000082e00000, 0x0000000082e00000, 0x0000000082f00000|  0%| F|  |TAMS 0x0000000082e00000, 0x0000000082e00000| Untracked 
|  19|0x0000000082f00000, 0x0000000082f00000, 0x0000000083000000|  0%| F|  |TAMS 0x0000000082f00000, 0x0000000082f00000| Untracked 
|  20|0x0000000083000000, 0x0000000083000000, 0x0000000083100000|  0%| F|  |TAMS 0x0000000083000000, 0x0000000083000000| Untracked 
|  21|0x0000000083100000, 0x0000000083100000, 0x0000000083200000|  0%| F|  |TAMS 0x0000000083100000, 0x0000000083100000| Untracked 
|  22|0x0000000083200000, 0x0000000083200000, 0x0000000083300000|  0%| F|  |TAMS 0x0000000083200000, 0x0000000083200000| Untracked 
|  23|0x0000000083300000, 0x0000000083300000, 0x0000000083400000|  0%| F|  |TAMS 0x0000000083300000, 0x0000000083300000| Untracked 
|  24|0x0000000083400000, 0x0000000083400000, 0x0000000083500000|  0%| F|  |TAMS 0x0000000083400000, 0x0000000083400000| Untracked 
|  25|0x0000000083500000, 0x0000000083500000, 0x0000000083600000|  0%| F|  |TAMS 0x0000000083500000, 0x0000000083500000| Untracked 
|  26|0x0000000083600000, 0x0000000083600000, 0x0000000083700000|  0%| F|  |TAMS 0x0000000083600000, 0x0000000083600000| Untracked 
|  27|0x0000000083700000, 0x0000000083700000, 0x0000000083800000|  0%| F|  |TAMS 0x0000000083700000, 0x0000000083700000| Untracked 
|  28|0x0000000083800000, 0x0000000083800000, 0x0000000083900000|  0%| F|  |TAMS 0x0000000083800000, 0x0000000083800000| Untracked 
|  29|0x0000000083900000, 0x0000000083900000, 0x0000000083a00000|  0%| F|  |TAMS 0x0000000083900000, 0x0000000083900000| Untracked 
|  30|0x0000000083a00000, 0x0000000083a00000, 0x0000000083b00000|  0%| F|  |TAMS 0x0000000083a00000, 0x0000000083a00000| Untracked 
|  31|0x0000000083b00000, 0x0000000083b00000, 0x0000000083c00000|  0%| F|  |TAMS 0x0000000083b00000, 0x0000000083b00000| Untracked 
|  32|0x0000000083c00000, 0x0000000083c00000, 0x0000000083d00000|  0%| F|  |TAMS 0x0000000083c00000, 0x0000000083c00000| Untracked 
|  33|0x0000000083d00000, 0x0000000083d00000, 0x0000000083e00000|  0%| F|  |TAMS 0x0000000083d00000, 0x0000000083d00000| Untracked 
|  34|0x0000000083e00000, 0x0000000083e00000, 0x0000000083f00000|  0%| F|  |TAMS 0x0000000083e00000, 0x0000000083e00000| Untracked 
|  35|0x0000000083f00000, 0x0000000083f00000, 0x0000000084000000|  0%| F|  |TAMS 0x0000000083f00000, 0x0000000083f00000| Untracked 
|  36|0x0000000084000000, 0x0000000084000000, 0x0000000084100000|  0%| F|  |TAMS 0x0000000084000000, 0x0000000084000000| Untracked 
|  37|0x0000000084100000, 0x0000000084100000, 0x0000000084200000|  0%| F|  |TAMS 0x0000000084100000, 0x0000000084100000| Untracked 
|  38|0x0000000084200000, 0x0000000084200000, 0x0000000084300000|  0%| F|  |TAMS 0x0000000084200000, 0x0000000084200000| Untracked 
|  39|0x0000000084300000, 0x0000000084300000, 0x0000000084400000|  0%| F|  |TAMS 0x0000000084300000, 0x0000000084300000| Untracked 
|  40|0x0000000084400000, 0x0000000084400000, 0x0000000084500000|  0%| F|  |TAMS 0x0000000084400000, 0x0000000084400000| Untracked 
|  41|0x0000000084500000, 0x0000000084500000, 0x0000000084600000|  0%| F|  |TAMS 0x0000000084500000, 0x0000000084500000| Untracked 
|  42|0x0000000084600000, 0x0000000084600000, 0x0000000084700000|  0%| F|  |TAMS 0x0000000084600000, 0x0000000084600000| Untracked 
|  43|0x0000000084700000, 0x0000000084700000, 0x0000000084800000|  0%| F|  |TAMS 0x0000000084700000, 0x0000000084700000| Untracked 
|  44|0x0000000084800000, 0x0000000084800000, 0x0000000084900000|  0%| F|  |TAMS 0x0000000084800000, 0x0000000084800000| Untracked 
|  45|0x0000000084900000, 0x0000000084900000, 0x0000000084a00000|  0%| F|  |TAMS 0x0000000084900000, 0x0000000084900000| Untracked 
|  46|0x0000000084a00000, 0x0000000084a00000, 0x0000000084b00000|  0%| F|  |TAMS 0x0000000084a00000, 0x0000000084a00000| Untracked 
|  47|0x0000000084b00000, 0x0000000084b00000, 0x0000000084c00000|  0%| F|  |TAMS 0x0000000084b00000, 0x0000000084b00000| Untracked 
|  48|0x0000000084c00000, 0x0000000084c00000, 0x0000000084d00000|  0%| F|  |TAMS 0x0000000084c00000, 0x0000000084c00000| Untracked 
|  49|0x0000000084d00000, 0x0000000084d00000, 0x0000000084e00000|  0%| F|  |TAMS 0x0000000084d00000, 0x0000000084d00000| Untracked 
|  50|0x0000000084e00000, 0x0000000084e43b90, 0x0000000084f00000| 26%| S|CS|TAMS 0x0000000084e00000, 0x0000000084e00000| Complete 
|  51|0x0000000084f00000, 0x0000000085000000, 0x0000000085000000|100%| S|CS|TAMS 0x0000000084f00000, 0x0000000084f00000| Complete 
|  52|0x0000000085000000, 0x0000000085000000, 0x0000000085100000|  0%| F|  |TAMS 0x0000000085000000, 0x0000000085000000| Untracked 
|  53|0x0000000085100000, 0x0000000085100000, 0x0000000085200000|  0%| F|  |TAMS 0x0000000085100000, 0x0000000085100000| Untracked 
|  54|0x0000000085200000, 0x0000000085200000, 0x0000000085300000|  0%| F|  |TAMS 0x0000000085200000, 0x0000000085200000| Untracked 
|  55|0x0000000085300000, 0x0000000085300000, 0x0000000085400000|  0%| F|  |TAMS 0x0000000085300000, 0x0000000085300000| Untracked 
|  56|0x0000000085400000, 0x0000000085400000, 0x0000000085500000|  0%| F|  |TAMS 0x0000000085400000, 0x0000000085400000| Untracked 
|  57|0x0000000085500000, 0x0000000085500000, 0x0000000085600000|  0%| F|  |TAMS 0x0000000085500000, 0x0000000085500000| Untracked 
|  58|0x0000000085600000, 0x0000000085600000, 0x0000000085700000|  0%| F|  |TAMS 0x0000000085600000, 0x0000000085600000| Untracked 
|  59|0x0000000085700000, 0x0000000085700000, 0x0000000085800000|  0%| F|  |TAMS 0x0000000085700000, 0x0000000085700000| Untracked 
|  60|0x0000000085800000, 0x0000000085800000, 0x0000000085900000|  0%| F|  |TAMS 0x0000000085800000, 0x0000000085800000| Untracked 
|  61|0x0000000085900000, 0x0000000085900000, 0x0000000085a00000|  0%| F|  |TAMS 0x0000000085900000, 0x0000000085900000| Untracked 
|  62|0x0000000085a00000, 0x0000000085a00000, 0x0000000085b00000|  0%| F|  |TAMS 0x0000000085a00000, 0x0000000085a00000| Untracked 
|  63|0x0000000085b00000, 0x0000000085b00000, 0x0000000085c00000|  0%| F|  |TAMS 0x0000000085b00000, 0x0000000085b00000| Untracked 
|  64|0x0000000085c00000, 0x0000000085c00000, 0x0000000085d00000|  0%| F|  |TAMS 0x0000000085c00000, 0x0000000085c00000| Untracked 
|  65|0x0000000085d00000, 0x0000000085d00000, 0x0000000085e00000|  0%| F|  |TAMS 0x0000000085d00000, 0x0000000085d00000| Untracked 
|  66|0x0000000085e00000, 0x0000000085e00000, 0x0000000085f00000|  0%| F|  |TAMS 0x0000000085e00000, 0x0000000085e00000| Untracked 
|  67|0x0000000085f00000, 0x0000000085f00000, 0x0000000086000000|  0%| F|  |TAMS 0x0000000085f00000, 0x0000000085f00000| Untracked 
|  68|0x0000000086000000, 0x0000000086000000, 0x0000000086100000|  0%| F|  |TAMS 0x0000000086000000, 0x0000000086000000| Untracked 
|  69|0x0000000086100000, 0x0000000086100000, 0x0000000086200000|  0%| F|  |TAMS 0x0000000086100000, 0x0000000086100000| Untracked 
|  70|0x0000000086200000, 0x0000000086200000, 0x0000000086300000|  0%| F|  |TAMS 0x0000000086200000, 0x0000000086200000| Untracked 
|  71|0x0000000086300000, 0x0000000086300000, 0x0000000086400000|  0%| F|  |TAMS 0x0000000086300000, 0x0000000086300000| Untracked 
|  72|0x0000000086400000, 0x0000000086400000, 0x0000000086500000|  0%| F|  |TAMS 0x0000000086400000, 0x0000000086400000| Untracked 
|  73|0x0000000086500000, 0x0000000086500000, 0x0000000086600000|  0%| F|  |TAMS 0x0000000086500000, 0x0000000086500000| Untracked 
|  74|0x0000000086600000, 0x0000000086600000, 0x0000000086700000|  0%| F|  |TAMS 0x0000000086600000, 0x0000000086600000| Untracked 
|  75|0x0000000086700000, 0x0000000086700000, 0x0000000086800000|  0%| F|  |TAMS 0x0000000086700000, 0x0000000086700000| Untracked 
|  76|0x0000000086800000, 0x0000000086800000, 0x0000000086900000|  0%| F|  |TAMS 0x0000000086800000, 0x0000000086800000| Untracked 
|  77|0x0000000086900000, 0x0000000086900000, 0x0000000086a00000|  0%| F|  |TAMS 0x0000000086900000, 0x0000000086900000| Untracked 
|  78|0x0000000086a00000, 0x0000000086a00000, 0x0000000086b00000|  0%| F|  |TAMS 0x0000000086a00000, 0x0000000086a00000| Untracked 
|  79|0x0000000086b00000, 0x0000000086b00000, 0x0000000086c00000|  0%| F|  |TAMS 0x0000000086b00000, 0x0000000086b00000| Untracked 
|  80|0x0000000086c00000, 0x0000000086c00000, 0x0000000086d00000|  0%| F|  |TAMS 0x0000000086c00000, 0x0000000086c00000| Untracked 
|  81|0x0000000086d00000, 0x0000000086d00000, 0x0000000086e00000|  0%| F|  |TAMS 0x0000000086d00000, 0x0000000086d00000| Untracked 
|  82|0x0000000086e00000, 0x0000000086e00000, 0x0000000086f00000|  0%| F|  |TAMS 0x0000000086e00000, 0x0000000086e00000| Untracked 
|  83|0x0000000086f00000, 0x0000000086f00000, 0x0000000087000000|  0%| F|  |TAMS 0x0000000086f00000, 0x0000000086f00000| Untracked 
|  84|0x0000000087000000, 0x0000000087000000, 0x0000000087100000|  0%| F|  |TAMS 0x0000000087000000, 0x0000000087000000| Untracked 
|  85|0x0000000087100000, 0x0000000087100000, 0x0000000087200000|  0%| F|  |TAMS 0x0000000087100000, 0x0000000087100000| Untracked 
|  86|0x0000000087200000, 0x0000000087200000, 0x0000000087300000|  0%| F|  |TAMS 0x0000000087200000, 0x0000000087200000| Untracked 
|  87|0x0000000087300000, 0x0000000087300000, 0x0000000087400000|  0%| F|  |TAMS 0x0000000087300000, 0x0000000087300000| Untracked 
|  88|0x0000000087400000, 0x0000000087400000, 0x0000000087500000|  0%| F|  |TAMS 0x0000000087400000, 0x0000000087400000| Untracked 
|  89|0x0000000087500000, 0x0000000087500000, 0x0000000087600000|  0%| F|  |TAMS 0x0000000087500000, 0x0000000087500000| Untracked 
|  90|0x0000000087600000, 0x0000000087600000, 0x0000000087700000|  0%| F|  |TAMS 0x0000000087600000, 0x0000000087600000| Untracked 
|  91|0x0000000087700000, 0x0000000087700000, 0x0000000087800000|  0%| F|  |TAMS 0x0000000087700000, 0x0000000087700000| Untracked 
|  92|0x0000000087800000, 0x0000000087800000, 0x0000000087900000|  0%| F|  |TAMS 0x0000000087800000, 0x0000000087800000| Untracked 
|  93|0x0000000087900000, 0x0000000087900000, 0x0000000087a00000|  0%| F|  |TAMS 0x0000000087900000, 0x0000000087900000| Untracked 
|  94|0x0000000087a00000, 0x0000000087a00000, 0x0000000087b00000|  0%| F|  |TAMS 0x0000000087a00000, 0x0000000087a00000| Untracked 
|  95|0x0000000087b00000, 0x0000000087b00000, 0x0000000087c00000|  0%| F|  |TAMS 0x0000000087b00000, 0x0000000087b00000| Untracked 
|  96|0x0000000087c00000, 0x0000000087c00000, 0x0000000087d00000|  0%| F|  |TAMS 0x0000000087c00000, 0x0000000087c00000| Untracked 
|  97|0x0000000087d00000, 0x0000000087d00000, 0x0000000087e00000|  0%| F|  |TAMS 0x0000000087d00000, 0x0000000087d00000| Untracked 
|  98|0x0000000087e00000, 0x0000000087e00000, 0x0000000087f00000|  0%| F|  |TAMS 0x0000000087e00000, 0x0000000087e00000| Untracked 
|  99|0x0000000087f00000, 0x0000000087f00000, 0x0000000088000000|  0%| F|  |TAMS 0x0000000087f00000, 0x0000000087f00000| Untracked 
| 100|0x0000000088000000, 0x0000000088000000, 0x0000000088100000|  0%| F|  |TAMS 0x0000000088000000, 0x0000000088000000| Untracked 
| 101|0x0000000088100000, 0x0000000088100000, 0x0000000088200000|  0%| F|  |TAMS 0x0000000088100000, 0x0000000088100000| Untracked 
| 102|0x0000000088200000, 0x0000000088200000, 0x0000000088300000|  0%| F|  |TAMS 0x0000000088200000, 0x0000000088200000| Untracked 
| 103|0x0000000088300000, 0x0000000088300000, 0x0000000088400000|  0%| F|  |TAMS 0x0000000088300000, 0x0000000088300000| Untracked 
| 104|0x0000000088400000, 0x0000000088400000, 0x0000000088500000|  0%| F|  |TAMS 0x0000000088400000, 0x0000000088400000| Untracked 
| 105|0x0000000088500000, 0x0000000088500000, 0x0000000088600000|  0%| F|  |TAMS 0x0000000088500000, 0x0000000088500000| Untracked 
| 106|0x0000000088600000, 0x0000000088600000, 0x0000000088700000|  0%| F|  |TAMS 0x0000000088600000, 0x0000000088600000| Untracked 
| 107|0x0000000088700000, 0x0000000088700000, 0x0000000088800000|  0%| F|  |TAMS 0x0000000088700000, 0x0000000088700000| Untracked 
| 108|0x0000000088800000, 0x0000000088800000, 0x0000000088900000|  0%| F|  |TAMS 0x0000000088800000, 0x0000000088800000| Untracked 
| 109|0x0000000088900000, 0x0000000088900000, 0x0000000088a00000|  0%| F|  |TAMS 0x0000000088900000, 0x0000000088900000| Untracked 
| 110|0x0000000088a00000, 0x0000000088a00000, 0x0000000088b00000|  0%| F|  |TAMS 0x0000000088a00000, 0x0000000088a00000| Untracked 
| 111|0x0000000088b00000, 0x0000000088b00000, 0x0000000088c00000|  0%| F|  |TAMS 0x0000000088b00000, 0x0000000088b00000| Untracked 
| 112|0x0000000088c00000, 0x0000000088c00000, 0x0000000088d00000|  0%| F|  |TAMS 0x0000000088c00000, 0x0000000088c00000| Untracked 
| 113|0x0000000088d00000, 0x0000000088da7d88, 0x0000000088e00000| 65%| E|  |TAMS 0x0000000088d00000, 0x0000000088d00000| Complete 
| 114|0x0000000088e00000, 0x0000000088f00000, 0x0000000088f00000|100%| E|CS|TAMS 0x0000000088e00000, 0x0000000088e00000| Complete 
| 115|0x0000000088f00000, 0x0000000089000000, 0x0000000089000000|100%| E|CS|TAMS 0x0000000088f00000, 0x0000000088f00000| Complete 
| 116|0x0000000089000000, 0x0000000089100000, 0x0000000089100000|100%| E|CS|TAMS 0x0000000089000000, 0x0000000089000000| Complete 
| 117|0x0000000089100000, 0x0000000089200000, 0x0000000089200000|100%| E|CS|TAMS 0x0000000089100000, 0x0000000089100000| Complete 
| 118|0x0000000089200000, 0x0000000089300000, 0x0000000089300000|100%| E|CS|TAMS 0x0000000089200000, 0x0000000089200000| Complete 
| 119|0x0000000089300000, 0x0000000089400000, 0x0000000089400000|100%| E|CS|TAMS 0x0000000089300000, 0x0000000089300000| Complete 
| 120|0x0000000089400000, 0x0000000089500000, 0x0000000089500000|100%| E|CS|TAMS 0x0000000089400000, 0x0000000089400000| Complete 
| 121|0x0000000089500000, 0x0000000089600000, 0x0000000089600000|100%| E|CS|TAMS 0x0000000089500000, 0x0000000089500000| Complete 
| 122|0x0000000089600000, 0x0000000089700000, 0x0000000089700000|100%| E|CS|TAMS 0x0000000089600000, 0x0000000089600000| Complete 
| 123|0x0000000089700000, 0x0000000089800000, 0x0000000089800000|100%| E|CS|TAMS 0x0000000089700000, 0x0000000089700000| Complete 
| 124|0x0000000089800000, 0x0000000089900000, 0x0000000089900000|100%| E|CS|TAMS 0x0000000089800000, 0x0000000089800000| Complete 
| 125|0x0000000089900000, 0x0000000089a00000, 0x0000000089a00000|100%| E|CS|TAMS 0x0000000089900000, 0x0000000089900000| Complete 
| 126|0x0000000089a00000, 0x0000000089b00000, 0x0000000089b00000|100%| E|CS|TAMS 0x0000000089a00000, 0x0000000089a00000| Complete 
| 127|0x0000000089b00000, 0x0000000089c00000, 0x0000000089c00000|100%| E|CS|TAMS 0x0000000089b00000, 0x0000000089b00000| Complete 

Card table byte_map: [0x00000253c9bc0000,0x00000253c9fc0000] _byte_map_base: 0x00000253c97b2000

Marking Bits (Prev, Next): (CMBitMap*) 0x00000253b0efdd30, (CMBitMap*) 0x00000253b0efdd70
 Prev Bits: [0x00000253ca3c0000, 0x00000253cc350000)
 Next Bits: [0x00000253cc350000, 0x00000253ce2e0000)

Polling page: 0x00000253b0f80000

Metaspace:

Usage:
  Non-class:      7.52 MB used.
      Class:    855.71 KB used.
       Both:      8.36 MB used.

Virtual space:
  Non-class space:        8.00 MB reserved,       7.63 MB ( 95%) committed,  1 nodes.
      Class space:        1.00 GB reserved,     960.00 KB ( <1%) committed,  1 nodes.
             Both:        1.01 GB reserved,       8.56 MB ( <1%) committed. 

Chunk freelists:
   Non-Class:  192.00 KB
       Class:  3.11 MB
        Both:  3.30 MB

MaxMetaspaceSize: unlimited
CompressedClassSpaceSize: 1.00 GB
Initial GC threshold: 21.00 MB
Current GC threshold: 21.00 MB
CDS: on
MetaspaceReclaimPolicy: balanced
 - commit_granule_bytes: 65536.
 - commit_granule_words: 8192.
 - virtual_space_node_default_size: 1048576.
 - enlarge_chunks_in_place: 1.
 - new_chunks_are_fully_committed: 0.
 - uncommit_free_chunks: 1.
 - use_allocation_guard: 0.
 - handle_deallocations: 1.


Internal statistics:

num_allocs_failed_limit: 0.
num_arena_births: 114.
num_arena_deaths: 0.
num_vsnodes_births: 2.
num_vsnodes_deaths: 0.
num_space_committed: 137.
num_space_uncommitted: 0.
num_chunks_returned_to_freelist: 0.
num_chunks_taken_from_freelist: 161.
num_chunk_merges: 0.
num_chunk_splits: 93.
num_chunks_enlarged: 49.
num_purges: 0.
num_inconsistent_stats: 0.

CodeHeap 'non-profiled nmethods': size=120000Kb used=538Kb max_used=538Kb free=119461Kb
 bounds [0x00000253c1c50000, 0x00000253c1ec0000, 0x00000253c9180000]
CodeHeap 'profiled nmethods': size=120000Kb used=2660Kb max_used=2660Kb free=117339Kb
 bounds [0x00000253ba720000, 0x00000253ba9c0000, 0x00000253c1c50000]
CodeHeap 'non-nmethods': size=5760Kb used=1276Kb max_used=1294Kb free=4483Kb
 bounds [0x00000253ba180000, 0x00000253ba3f0000, 0x00000253ba720000]
 total_blobs=2112 nmethods=1506 adapters=519
 compilation: enabled
              stopped_count=0, restarted_count=0
 full_count=0

Compilation events (20 events):
Event: 16.159 Thread 0x00000253d08f4a00 nmethod 1471 0x00000253ba99ee10 code [0x00000253ba99f000, 0x00000253ba99f818]
Event: 16.159 Thread 0x00000253d08f4a00 1472       3       java.lang.ref.ReferenceQueue::remove (6 bytes)
Event: 16.159 Thread 0x00000253d08f4a00 nmethod 1472 0x00000253ba99fa90 code [0x00000253ba99fc20, 0x00000253ba99fde8]
Event: 16.159 Thread 0x00000253d08f4a00 1473   !   3       sun.java2d.Disposer::clearDeferredRecords (70 bytes)
Event: 16.160 Thread 0x00000253d08f4a00 nmethod 1473 0x00000253ba99fe90 code [0x00000253ba9a00e0, 0x00000253ba9a0978]
Event: 16.160 Thread 0x00000253d08f4a00 1474       3       sun.java2d.DefaultDisposerRecord::dispose (12 bytes)
Event: 16.160 Thread 0x00000253d08f4a00 nmethod 1474 0x00000253ba9a0d90 code [0x00000253ba9a0f20, 0x00000253ba9a1068]
Event: 16.161 Thread 0x00000253d08f37c0 1476       4       java.lang.Object::equals (11 bytes)
Event: 16.161 Thread 0x00000253d08f37c0 nmethod 1476 0x00000253c1cd4c90 code [0x00000253c1cd4e00, 0x00000253c1cd4e98]
Event: 16.263 Thread 0x00000253d08f37c0 1477       4       sun.java2d.SunGraphics2D::transformShape (97 bytes)
Event: 16.266 Thread 0x00000253d08f37c0 nmethod 1477 0x00000253c1cd4f90 code [0x00000253c1cd5120, 0x00000253c1cd52f8]
Event: 16.420 Thread 0x00000253d08f4a00 1478   !   3       sun.java2d.SunGraphics2D::fillOval (74 bytes)
Event: 16.421 Thread 0x00000253d08f4a00 nmethod 1478 0x00000253ba9a1110 code [0x00000253ba9a1320, 0x00000253ba9a1a28]
Event: 16.421 Thread 0x00000253d08f37c0 1479       4       java.lang.StrictMath::floor (12 bytes)
Event: 16.422 Thread 0x00000253d08f37c0 nmethod 1479 0x00000253c1cd5490 code [0x00000253c1cd5640, 0x00000253c1cd5738]
Event: 16.423 Thread 0x00000253d08f37c0 1480       4       java.awt.image.BufferedImage::getWidth (8 bytes)
Event: 16.424 Thread 0x00000253d08f37c0 nmethod 1480 0x00000253c1cd5810 code [0x00000253c1cd5980, 0x00000253c1cd5a18]
Event: 16.609 Thread 0x00000253d08f37c0 1481       4       java.lang.StringLatin1::inflate (34 bytes)
Event: 16.618 Thread 0x00000253d08f37c0 nmethod 1481 0x00000253c1cd5b10 code [0x00000253c1cd5c80, 0x00000253c1cd5f98]
Event: 16.683 Thread 0x00000253d08f37c0 1482 % !   4       TankPanel::paintComponent @ 259 (520 bytes)

GC Heap History (6 events):
Event: 1.735 GC heap before
{Heap before GC invocations=0 (full 0):
 garbage-first heap   total 131072K, used 16384K [0x0000000081c00000, 0x0000000100000000)
  region size 1024K, 13 young (13312K), 0 survivors (0K)
 Metaspace       used 5333K, committed 5504K, reserved 1056768K
  class space    used 545K, committed 640K, reserved 1048576K
}
Event: 1.830 GC heap after
{Heap after GC invocations=1 (full 0):
 garbage-first heap   total 131072K, used 4986K [0x0000000081c00000, 0x0000000100000000)
  region size 1024K, 2 young (2048K), 2 survivors (2048K)
 Metaspace       used 5333K, committed 5504K, reserved 1056768K
  class space    used 545K, committed 640K, reserved 1048576K
}
Event: 2.280 GC heap before
{Heap before GC invocations=1 (full 0):
 garbage-first heap   total 131072K, used 24442K [0x0000000081c00000, 0x0000000100000000)
  region size 1024K, 19 young (19456K), 2 survivors (2048K)
 Metaspace       used 5339K, committed 5504K, reserved 1056768K
  class space    used 546K, committed 640K, reserved 1048576K
}
Event: 2.284 GC heap after
{Heap after GC invocations=2 (full 0):
 garbage-first heap   total 131072K, used 7380K [0x0000000081c00000, 0x0000000100000000)
  region size 1024K, 1 young (1024K), 1 survivors (1024K)
 Metaspace       used 5339K, committed 5504K, reserved 1056768K
  class space    used 546K, committed 640K, reserved 1048576K
}
Event: 16.152 GC heap before
{Heap before GC invocations=2 (full 0):
 garbage-first heap   total 131072K, used 92372K [0x0000000081c00000, 0x0000000100000000)
  region size 1024K, 76 young (77824K), 1 survivors (1024K)
 Metaspace       used 8533K, committed 8704K, reserved 1056768K
  class space    used 855K, committed 960K, reserved 1048576K
}
Event: 16.155 GC heap after
{Heap after GC invocations=3 (full 0):
 garbage-first heap   total 131072K, used 16523K [0x0000000081c00000, 0x0000000100000000)
  region size 1024K, 2 young (2048K), 2 survivors (2048K)
 Metaspace       used 8533K, committed 8704K, reserved 1056768K
  class space    used 855K, committed 960K, reserved 1048576K
}

Dll operation events (14 events):
Event: 0.024 Loaded shared library C:\Users\vasilevae.24\.jdks\corretto-17.0.5\bin\java.dll
Event: 0.084 Loaded shared library C:\Users\vasilevae.24\.jdks\corretto-17.0.5\bin\jsvml.dll
Event: 0.368 Loaded shared library C:\Users\vasilevae.24\.jdks\corretto-17.0.5\bin\zip.dll
Event: 0.380 Loaded shared library C:\Users\vasilevae.24\.jdks\corretto-17.0.5\bin\instrument.dll
Event: 0.411 Loaded shared library C:\Users\vasilevae.24\.jdks\corretto-17.0.5\bin\net.dll
Event: 0.416 Loaded shared library C:\Users\vasilevae.24\.jdks\corretto-17.0.5\bin\nio.dll
Event: 0.429 Loaded shared library C:\Users\vasilevae.24\.jdks\corretto-17.0.5\bin\zip.dll
Event: 0.450 Loaded shared library C:\Program Files\JetBrains\IntelliJ IDEA 2022.2\bin\breakgen64.dll
Event: 0.549 Loaded shared library C:\Users\vasilevae.24\.jdks\corretto-17.0.5\bin\jimage.dll
Event: 0.630 Loaded shared library C:\Users\vasilevae.24\.jdks\corretto-17.0.5\bin\awt.dll
Event: 0.835 Loaded shared library C:\Users\vasilevae.24\.jdks\corretto-17.0.5\bin\javajpeg.dll
Event: 2.534 Loaded shared library C:\Users\vasilevae.24\.jdks\corretto-17.0.5\bin\freetype.dll
Event: 2.542 Loaded shared library C:\Users\vasilevae.24\.jdks\corretto-17.0.5\bin\fontmanager.dll
Event: 2.825 Loaded shared library C:\Users\vasilevae.24\.jdks\corretto-17.0.5\bin\jsound.dll

Deoptimization events (20 events):
Event: 2.686 Thread 0x00000253b0ea42b0 DEOPT PACKING pc=0x00000253c1c7cc4c sp=0x000000bfa0efc650
Event: 2.686 Thread 0x00000253b0ea42b0 DEOPT UNPACKING pc=0x00000253ba1d23a3 sp=0x000000bfa0efc5d0 mode 2
Event: 2.686 Thread 0x00000253b0ea42b0 Uncommon trap: trap_request=0xffffffc6 fr.pc=0x00000253c1c7cc4c relative=0x00000000000008cc
Event: 2.686 Thread 0x00000253b0ea42b0 Uncommon trap: reason=bimorphic_or_optimized_type_check action=maybe_recompile pc=0x00000253c1c7cc4c method=java.util.HashMap.putVal(ILjava/lang/Object;Ljava/lang/Object;ZZ)Ljava/lang/Object; @ 152 c2
Event: 2.686 Thread 0x00000253b0ea42b0 DEOPT PACKING pc=0x00000253c1c7cc4c sp=0x000000bfa0efc650
Event: 2.686 Thread 0x00000253b0ea42b0 DEOPT UNPACKING pc=0x00000253ba1d23a3 sp=0x000000bfa0efc5d0 mode 2
Event: 2.687 Thread 0x00000253b0ea42b0 Uncommon trap: trap_request=0xffffffc6 fr.pc=0x00000253c1c7cc4c relative=0x00000000000008cc
Event: 2.687 Thread 0x00000253b0ea42b0 Uncommon trap: reason=bimorphic_or_optimized_type_check action=maybe_recompile pc=0x00000253c1c7cc4c method=java.util.HashMap.putVal(ILjava/lang/Object;Ljava/lang/Object;ZZ)Ljava/lang/Object; @ 152 c2
Event: 2.687 Thread 0x00000253b0ea42b0 DEOPT PACKING pc=0x00000253c1c7cc4c sp=0x000000bfa0efc650
Event: 2.687 Thread 0x00000253b0ea42b0 DEOPT UNPACKING pc=0x00000253ba1d23a3 sp=0x000000bfa0efc5d0 mode 2
Event: 11.121 Thread 0x00000253d179c8c0 Uncommon trap: trap_request=0xffffff45 fr.pc=0x00000253c1c9cb60 relative=0x00000000000001e0
Event: 11.121 Thread 0x00000253d179c8c0 Uncommon trap: reason=unstable_if action=reinterpret pc=0x00000253c1c9cb60 method=java.io.BufferedInputStream.read()I @ 8 c2
Event: 11.121 Thread 0x00000253d179c8c0 DEOPT PACKING pc=0x00000253c1c9cb60 sp=0x000000bfa29fd640
Event: 11.121 Thread 0x00000253d179c8c0 DEOPT UNPACKING pc=0x00000253ba1d23a3 sp=0x000000bfa29fd5f8 mode 2
Event: 12.706 Thread 0x00000253d179c8c0 DEOPT PACKING pc=0x00000253ba84e01d sp=0x000000bfa29ff0d0
Event: 12.706 Thread 0x00000253d179c8c0 DEOPT UNPACKING pc=0x00000253ba1d2b43 sp=0x000000bfa29fe560 mode 0
Event: 14.287 Thread 0x00000253d179c8c0 DEOPT PACKING pc=0x00000253ba97ca83 sp=0x000000bfa29fdba0
Event: 14.287 Thread 0x00000253d179c8c0 DEOPT UNPACKING pc=0x00000253ba1d2b43 sp=0x000000bfa29fd118 mode 0
Event: 15.770 Thread 0x00000253d179c8c0 DEOPT PACKING pc=0x00000253ba9327be sp=0x000000bfa29fd020
Event: 15.770 Thread 0x00000253d179c8c0 DEOPT UNPACKING pc=0x00000253ba1d2b43 sp=0x000000bfa29fc4d0 mode 0

Classes unloaded (0 events):
No events

Classes redefined (0 events):
No events

Internal exceptions (14 events):
Event: 0.475 Thread 0x00000253d159c620 Exception <a 'java/lang/NoSuchMethodError'{0x0000000089accb10}: 'java.lang.Object java.lang.invoke.DirectMethodHandle$Holder.invokeStaticInit(java.lang.Object)'> (0x0000000089accb10) 
thrown [s\src\hotspot\share\interpreter\linkResolver.cpp, line 759]
Event: 0.508 Thread 0x00000253d159c620 Exception <a 'java/lang/NoSuchMethodError'{0x0000000089ada9f0}: 'void java.lang.invoke.DirectMethodHandle$Holder.invokeStatic(java.lang.Object, java.lang.Object)'> (0x0000000089ada9f0) 
thrown [s\src\hotspot\share\interpreter\linkResolver.cpp, line 759]
Event: 0.586 Thread 0x00000253b0ea42b0 Exception <a 'java/lang/ClassNotFoundException'{0x0000000089907240}: sun/awt/resources/spi/awtProvider> (0x0000000089907240) 
thrown [s\src\hotspot\share\classfile\systemDictionary.cpp, line 256]
Event: 0.674 Thread 0x00000253b0ea42b0 Exception <a 'java/io/FileNotFoundException'{0x000000008995b7a0}> (0x000000008995b7a0) 
thrown [s\src\hotspot\share\prims\jni.cpp, line 516]
Event: 0.692 Thread 0x00000253b0ea42b0 Exception <a 'java/io/FileNotFoundException'{0x0000000089988bf8}> (0x0000000089988bf8) 
thrown [s\src\hotspot\share\prims\jni.cpp, line 516]
Event: 1.386 Thread 0x00000253b0ea42b0 Exception <a 'java/lang/NoSuchMethodError'{0x0000000089731ff8}: 'void java.lang.invoke.DirectMethodHandle$Holder.invokeSpecial(java.lang.Object, java.lang.Object, java.lang.Object)'> (0x0000000089731ff8) 
thrown [s\src\hotspot\share\interpreter\linkResolver.cpp, line 759]
Event: 1.410 Thread 0x00000253b0ea42b0 Exception <a 'java/lang/NoSuchMethodError'{0x000000008975c2b0}: 'java.lang.Object java.lang.invoke.DirectMethodHandle$Holder.newInvokeSpecial(java.lang.Object, java.lang.Object, java.lang.Object, java.lang.Object, java.lang.Object)'> (0x000000008975c2b0) 
thrown [s\src\hotspot\share\interpreter\linkResolver.cpp, line 759]
Event: 1.414 Thread 0x00000253b0ea42b0 Exception <a 'java/lang/NoSuchMethodError'{0x0000000089767c78}: 'java.lang.Object java.lang.invoke.DirectMethodHandle$Holder.invokeStatic(java.lang.Object, int, java.lang.Object, java.lang.Object, java.lang.Object, java.lang.Object)'> (0x0000000089767c78) 
thrown [s\src\hotspot\share\interpreter\linkResolver.cpp, line 759]
Event: 1.424 Thread 0x00000253b0ea42b0 Exception <a 'java/lang/NoSuchMethodError'{0x000000008978d6f8}: 'java.lang.Object java.lang.invoke.DirectMethodHandle$Holder.invokeStatic(java.lang.Object, int, java.lang.Object)'> (0x000000008978d6f8) 
thrown [s\src\hotspot\share\interpreter\linkResolver.cpp, line 759]
Event: 1.496 Thread 0x00000253b0ea42b0 Exception <a 'java/lang/ClassNotFoundException'{0x000000008964a190}: com/sun/swing/internal/plaf/metal/resources/spi/metalProvider> (0x000000008964a190) 
thrown [s\src\hotspot\share\classfile\systemDictionary.cpp, line 256]
Event: 1.498 Thread 0x00000253b0ea42b0 Exception <a 'java/lang/ClassNotFoundException'{0x000000008964dcf0}: com/sun/swing/internal/plaf/basic/resources/spi/basicProvider> (0x000000008964dcf0) 
thrown [s\src\hotspot\share\classfile\systemDictionary.cpp, line 256]
Event: 2.503 Thread 0x00000253b0ea42b0 Exception <a 'java/lang/NoSuchMethodError'{0x000000008912c530}: 'void java.lang.invoke.DirectMethodHandle$Holder.invokeStaticInit(java.lang.Object)'> (0x000000008912c530) 
thrown [s\src\hotspot\share\interpreter\linkResolver.cpp, line 759]
Event: 2.837 Thread 0x00000253d17104a0 Exception <a 'java/lang/NoSuchMethodError'{0x0000000089189de8}: 'void java.lang.invoke.DirectMethodHandle$Holder.invokeVirtual(java.lang.Object, java.lang.Object)'> (0x0000000089189de8) 
thrown [s\src\hotspot\share\interpreter\linkResolver.cpp, line 759]
Event: 7.846 Thread 0x00000253d08f06c0 Exception <a 'java/lang/NoSuchMethodError'{0x0000000088d81370}: 'java.lang.Object java.lang.invoke.DirectMethodHandle$Holder.invokeStaticInit(java.lang.Object, int)'> (0x0000000088d81370) 
thrown [s\src\hotspot\share\interpreter\linkResolver.cpp, line 759]

VM Operations (20 events):
Event: 6.952 Executing VM operation: Cleanup
Event: 6.952 Executing VM operation: Cleanup done
Event: 7.952 Executing VM operation: Cleanup
Event: 7.952 Executing VM operation: Cleanup done
Event: 8.953 Executing VM operation: Cleanup
Event: 8.953 Executing VM operation: Cleanup done
Event: 9.953 Executing VM operation: Cleanup
Event: 9.953 Executing VM operation: Cleanup done
Event: 10.954 Executing VM operation: Cleanup
Event: 10.954 Executing VM operation: Cleanup done
Event: 11.955 Executing VM operation: Cleanup
Event: 11.955 Executing VM operation: Cleanup done
Event: 12.956 Executing VM operation: Cleanup
Event: 12.956 Executing VM operation: Cleanup done
Event: 13.956 Executing VM operation: Cleanup
Event: 13.956 Executing VM operation: Cleanup done
Event: 14.957 Executing VM operation: Cleanup
Event: 14.957 Executing VM operation: Cleanup done
Event: 16.152 Executing VM operation: G1CollectForAllocation
Event: 16.155 Executing VM operation: G1CollectForAllocation done

Events (20 events):
Event: 7.857 loading class sun/util/resources/TimeZoneNames_en
Event: 7.857 loading class sun/util/resources/TimeZoneNames_en done
Event: 11.122 loading class java/awt/geom/Ellipse2D$Float
Event: 11.123 loading class java/awt/geom/Ellipse2D
Event: 11.123 loading class java/awt/geom/Ellipse2D done
Event: 11.123 loading class java/awt/geom/Ellipse2D$Float done
Event: 11.123 loading class java/awt/geom/EllipseIterator
Event: 11.124 loading class java/awt/geom/PathIterator
Event: 11.124 loading class java/awt/geom/PathIterator done
Event: 11.124 loading class java/awt/geom/EllipseIterator done
Event: 11.125 loading class java/awt/Polygon
Event: 11.125 loading class java/awt/Polygon done
Event: 11.131 loading class sun/java2d/loops/MaskBlit$General
Event: 11.131 loading class sun/java2d/loops/GraphicsPrimitive$GeneralBinaryOp
Event: 11.131 loading class sun/java2d/loops/GraphicsPrimitive$GeneralBinaryOp done
Event: 11.131 loading class sun/java2d/loops/MaskBlit$General done
Event: 11.133 loading class jdk/internal/math/FDBigInteger
Event: 11.136 loading class jdk/internal/math/FDBigInteger done
Event: 11.859 Thread 0x00000253d1517e50 Thread added: 0x00000253d1517e50
Event: 12.142 Thread 0x00000253d1517e50 Thread exited: 0x00000253d1517e50


Dynamic libraries:
0x00007ff7d2d50000 - 0x00007ff7d2d5d000 	C:\Users\vasilevae.24\.jdks\corretto-17.0.5\bin\java.exe
0x00007ffbf5a50000 - 0x00007ffbf5c48000 	C:\Windows\SYSTEM32\ntdll.dll
0x00007ffbf4780000 - 0x00007ffbf483d000 	C:\Windows\System32\KERNEL32.DLL
0x00007ffbf33b0000 - 0x00007ffbf3682000 	C:\Windows\System32\KERNELBASE.dll
0x00007ffbf3800000 - 0x00007ffbf3900000 	C:\Windows\System32\ucrtbase.dll
0x00007ffbefe60000 - 0x00007ffbefe77000 	C:\Users\vasilevae.24\.jdks\corretto-17.0.5\bin\jli.dll
0x00007ffbed390000 - 0x00007ffbed3a5000 	C:\Users\vasilevae.24\.jdks\corretto-17.0.5\bin\VCRUNTIME140.dll
0x00007ffbf4e80000 - 0x00007ffbf501d000 	C:\Windows\System32\USER32.dll
0x00007ffbf32e0000 - 0x00007ffbf3302000 	C:\Windows\System32\win32u.dll
0x00007ffbf4840000 - 0x00007ffbf486b000 	C:\Windows\System32\GDI32.dll
0x00007ffbf3970000 - 0x00007ffbf3a7f000 	C:\Windows\System32\gdi32full.dll
0x00007ffbf3310000 - 0x00007ffbf33ad000 	C:\Windows\System32\msvcp_win.dll
0x00007ffbe3e90000 - 0x00007ffbe412a000 	C:\Windows\WinSxS\amd64_microsoft.windows.common-controls_6595b64144ccf1df_6.0.19041.1110_none_60b5254171f9507e\COMCTL32.dll
0x00007ffbf4590000 - 0x00007ffbf462e000 	C:\Windows\System32\msvcrt.dll
0x00007ffbf3c00000 - 0x00007ffbf3c30000 	C:\Windows\System32\IMM32.DLL
0x00007ffbda830000 - 0x00007ffbda8cb000 	C:\Users\vasilevae.24\.jdks\corretto-17.0.5\bin\msvcp140.dll
0x00007ffbb2a70000 - 0x00007ffbb3684000 	C:\Users\vasilevae.24\.jdks\corretto-17.0.5\bin\server\jvm.dll
0x00007ffbf3c30000 - 0x00007ffbf3cde000 	C:\Windows\System32\ADVAPI32.dll
0x00007ffbf52c0000 - 0x00007ffbf535c000 	C:\Windows\System32\sechost.dll
0x00007ffbf4870000 - 0x00007ffbf4995000 	C:\Windows\System32\RPCRT4.dll
0x00007ffbe3550000 - 0x00007ffbe3559000 	C:\Windows\SYSTEM32\WSOCK32.dll
0x00007ffbf5020000 - 0x00007ffbf508b000 	C:\Windows\System32\WS2_32.dll
0x00007ffbe3cf0000 - 0x00007ffbe3d17000 	C:\Windows\SYSTEM32\WINMM.dll
0x00007ffbe4510000 - 0x00007ffbe451a000 	C:\Windows\SYSTEM32\VERSION.dll
0x00007ffbf1010000 - 0x00007ffbf1022000 	C:\Windows\SYSTEM32\kernel.appcore.dll
0x00007ffbf0710000 - 0x00007ffbf071a000 	C:\Users\vasilevae.24\.jdks\corretto-17.0.5\bin\jimage.dll
0x00007ffbe4260000 - 0x00007ffbe4444000 	C:\Windows\SYSTEM32\DBGHELP.DLL
0x00007ffbe3b70000 - 0x00007ffbe3b9c000 	C:\Windows\SYSTEM32\dbgcore.DLL
0x00007ffbf3740000 - 0x00007ffbf37c2000 	C:\Windows\System32\bcryptPrimitives.dll
0x00007ffbed340000 - 0x00007ffbed34e000 	C:\Users\vasilevae.24\.jdks\corretto-17.0.5\bin\instrument.dll
0x00007ffbeae30000 - 0x00007ffbeae55000 	C:\Users\vasilevae.24\.jdks\corretto-17.0.5\bin\java.dll
0x00007ffbc9cb0000 - 0x00007ffbc9d86000 	C:\Users\vasilevae.24\.jdks\corretto-17.0.5\bin\jsvml.dll
0x00007ffbf3d90000 - 0x00007ffbf44d3000 	C:\Windows\System32\SHELL32.dll
0x00007ffbf1210000 - 0x00007ffbf19a1000 	C:\Windows\SYSTEM32\windows.storage.dll
0x00007ffbf55a0000 - 0x00007ffbf58f4000 	C:\Windows\System32\combase.dll
0x00007ffbf2ab0000 - 0x00007ffbf2ae0000 	C:\Windows\SYSTEM32\Wldp.dll
0x00007ffbf3ce0000 - 0x00007ffbf3d8d000 	C:\Windows\System32\SHCORE.dll
0x00007ffbf5260000 - 0x00007ffbf52b5000 	C:\Windows\System32\shlwapi.dll
0x00007ffbf3070000 - 0x00007ffbf308f000 	C:\Windows\SYSTEM32\profapi.dll
0x00007ffbeae10000 - 0x00007ffbeae28000 	C:\Users\vasilevae.24\.jdks\corretto-17.0.5\bin\zip.dll
0x00007ffbe6550000 - 0x00007ffbe6569000 	C:\Users\vasilevae.24\.jdks\corretto-17.0.5\bin\net.dll
0x00007ffbe8d50000 - 0x00007ffbe8e5d000 	C:\Windows\SYSTEM32\WINHTTP.dll
0x00007ffbf2810000 - 0x00007ffbf287a000 	C:\Windows\system32\mswsock.dll
0x00007ffbe2810000 - 0x00007ffbe2825000 	C:\Users\vasilevae.24\.jdks\corretto-17.0.5\bin\nio.dll
0x00007ffbe27f0000 - 0x00007ffbe280a000 	C:\Program Files\JetBrains\IntelliJ IDEA 2022.2\bin\breakgen64.dll
0x00007ffbc7200000 - 0x00007ffbc73a7000 	C:\Users\vasilevae.24\.jdks\corretto-17.0.5\bin\awt.dll
0x00007ffbf46b0000 - 0x00007ffbf477d000 	C:\Windows\System32\OLEAUT32.dll
0x00007ffbf0940000 - 0x00007ffbf09d1000 	C:\Windows\SYSTEM32\apphelp.dll
0x00007ffbdca00000 - 0x00007ffbdca2d000 	C:\Users\vasilevae.24\.jdks\corretto-17.0.5\bin\javajpeg.dll
0x00007ffbf0b30000 - 0x00007ffbf0bce000 	C:\Windows\system32\uxtheme.dll
0x00007ffbf3ae0000 - 0x00007ffbf3bf5000 	C:\Windows\System32\MSCTF.dll
0x00007ffbf5090000 - 0x00007ffbf51ba000 	C:\Windows\System32\ole32.dll
0x00007ffbf0d20000 - 0x00007ffbf0d4f000 	C:\Windows\system32\DWMAPI.DLL
0x00007ffbe3270000 - 0x00007ffbe3397000 	C:\Windows\system32\opengl32.dll
0x00007ffbe3210000 - 0x00007ffbe323c000 	C:\Windows\SYSTEM32\GLU32.dll
0x00007ffbcc050000 - 0x00007ffbcc0d3000 	C:\Users\vasilevae.24\.jdks\corretto-17.0.5\bin\freetype.dll
0x00007ffbc7f00000 - 0x00007ffbc7fc2000 	C:\Users\vasilevae.24\.jdks\corretto-17.0.5\bin\fontmanager.dll
0x00007ffbdefd0000 - 0x00007ffbdefe1000 	C:\Users\vasilevae.24\.jdks\corretto-17.0.5\bin\jsound.dll
0x00007ffbc8b30000 - 0x00007ffbc8bcc000 	C:\Windows\SYSTEM32\DSOUND.dll
0x00007ffbf2fa0000 - 0x00007ffbf2feb000 	C:\Windows\SYSTEM32\powrprof.dll
0x00007ffbecfc0000 - 0x00007ffbecfe6000 	C:\Windows\SYSTEM32\winmmbase.dll
0x00007ffbf2f80000 - 0x00007ffbf2f92000 	C:\Windows\SYSTEM32\UMPDC.dll
0x00007ffbee520000 - 0x00007ffbee619000 	C:\Windows\SYSTEM32\textinputframework.dll
0x00007ffbf03b0000 - 0x00007ffbf070e000 	C:\Windows\System32\CoreUIComponents.dll
0x00007ffbf0810000 - 0x00007ffbf0902000 	C:\Windows\System32\CoreMessaging.dll
0x00007ffbf2270000 - 0x00007ffbf22a3000 	C:\Windows\SYSTEM32\ntmarta.dll
0x00007ffbefce0000 - 0x00007ffbefe34000 	C:\Windows\SYSTEM32\wintypes.dll
0x00007ffbf44e0000 - 0x00007ffbf458f000 	C:\Windows\System32\clbcatq.dll
0x00007ffbe7540000 - 0x00007ffbe75c5000 	C:\Windows\System32\MMDevApi.dll
0x00007ffbf2e00000 - 0x00007ffbf2e2c000 	C:\Windows\System32\DEVOBJ.dll
0x00007ffbf3130000 - 0x00007ffbf317e000 	C:\Windows\System32\cfgmgr32.dll
0x00007ffbcabd0000 - 0x00007ffbcac16000 	C:\Windows\SYSTEM32\wdmaud.drv
0x00007ffbed220000 - 0x00007ffbed229000 	C:\Windows\SYSTEM32\ksuser.dll
0x00007ffbf07a0000 - 0x00007ffbf07aa000 	C:\Windows\SYSTEM32\AVRT.dll
0x00007ffbe5a50000 - 0x00007ffbe5bd2000 	C:\Windows\SYSTEM32\AUDIOSES.DLL
0x00007ffbeb8c0000 - 0x00007ffbeb8cd000 	C:\Windows\SYSTEM32\msacm32.drv
0x00007ffbdc9e0000 - 0x00007ffbdc9fe000 	C:\Windows\SYSTEM32\MSACM32.dll
0x00007ffbeb670000 - 0x00007ffbeb67b000 	C:\Windows\SYSTEM32\midimap.dll
0x00007ffbf0c20000 - 0x00007ffbf0c34000 	C:\Windows\SYSTEM32\resourcepolicyclient.dll
0x00007ffbef100000 - 0x00007ffbef241000 	C:\Windows\System32\Windows.UI.dll
0x00007ffbef050000 - 0x00007ffbef0f1000 	C:\Windows\System32\WindowManagementAPI.dll
0x00007ffbed4c0000 - 0x00007ffbed612000 	C:\Windows\System32\InputHost.dll
0x00007ffbedf30000 - 0x00007ffbee130000 	C:\Windows\SYSTEM32\twinapi.appcore.dll
0x00007ffbede20000 - 0x00007ffbedf16000 	C:\Windows\System32\PROPSYS.dll

dbghelp: loaded successfully - version: 4.0.5 - missing functions: none
symbol engine: initialized successfully - sym options: 0x614 - pdb path: .;C:\Users\vasilevae.24\.jdks\corretto-17.0.5\bin;C:\Windows\SYSTEM32;C:\Windows\WinSxS\amd64_microsoft.windows.common-controls_6595b64144ccf1df_6.0.19041.1110_none_60b5254171f9507e;C:\Users\vasilevae.24\.jdks\corretto-17.0.5\bin\server;C:\Program Files\JetBrains\IntelliJ IDEA 2022.2\bin

VM Arguments:
jvm_args: -javaagent:C:\Program Files\JetBrains\IntelliJ IDEA 2022.2\lib\idea_rt.jar=54001:C:\Program Files\JetBrains\IntelliJ IDEA 2022.2\bin -Dfile.encoding=UTF-8 
java_command: Main
java_class_path (initial): H:\Aleksei01\Tank90\out\production\untitled2
Launcher Type: SUN_STANDARD

[Global flags]
     intx CICompilerCount                          = 3                                         {product} {ergonomic}
     uint ConcGCThreads                            = 1                                         {product} {ergonomic}
     uint G1ConcRefinementThreads                  = 4                                         {product} {ergonomic}
   size_t G1HeapRegionSize                         = 1048576                                   {product} {ergonomic}
    uintx GCDrainStackTargetSize                   = 64                                        {product} {ergonomic}
   size_t InitialHeapSize                          = 134217728                                 {product} {ergonomic}
   size_t MarkStackSize                            = 4194304                                   {product} {ergonomic}
   size_t MaxHeapSize                              = 2118123520                                {product} {ergonomic}
   size_t MaxNewSize                               = 1270874112                                {product} {ergonomic}
   size_t MinHeapDeltaBytes                        = 1048576                                   {product} {ergonomic}
   size_t MinHeapSize                              = 8388608                                   {product} {ergonomic}
    uintx NonNMethodCodeHeapSize                   = 5832780                                {pd product} {ergonomic}
    uintx NonProfiledCodeHeapSize                  = 122912730                              {pd product} {ergonomic}
    uintx ProfiledCodeHeapSize                     = 122912730                              {pd product} {ergonomic}
    uintx ReservedCodeCacheSize                    = 251658240                              {pd product} {ergonomic}
     bool SegmentedCodeCache                       = true                                      {product} {ergonomic}
   size_t SoftMaxHeapSize                          = 2118123520                             {manageable} {ergonomic}
     bool UseCompressedClassPointers               = true                           {product lp64_product} {ergonomic}
     bool UseCompressedOops                        = true                           {product lp64_product} {ergonomic}
     bool UseG1GC                                  = true                                      {product} {ergonomic}
     bool UseLargePagesIndividualAllocation        = false                                  {pd product} {ergonomic}

Logging:
Log output configuration:
 #0: stdout all=warning uptime,level,tags
 #1: stderr all=off uptime,level,tags

Environment Variables:
JAVA_HOME=C:\Program Files\Java\jdk1.8.0_211
CLASSPATH=.;
PATH=C:\Program Files\Python310\Scripts\;C:\Program Files\Python310\;C:\Program Files (x86)\Common Files\Intel\Shared Files\cpp\bin\Intel64;C:\PROGRA~2\Borland\Delphi5\Projects\Bpl;C:\PROGRA~2\Borland\vbroker\jre\Bin;C:\PROGRA~2\Borland\vbroker\Bin;C:\PROGRA~2\Borland\Delphi5\Bin;C:\Program Files (x86)\Common Files\Oracle\Java\javapath;C:\Windows\system32;C:\Windows;C:\Windows\System32\Wbem;C:\Windows\System32\WindowsPowerShell\v1.0\;C:\Windows\System32\OpenSSH\;C:\ProgramData\chocolatey\bin;C:\Program Files\dotnet\;C:\tools\freepascal\bin\i386-Win32;C:\Program Files\Java\jdk1.8.0_211\bin;C:\Program Files\nodejs\;C:\Program Files\MiKTeX\miktex\bin\x64\;C:\Program Files\Git\cmd;C:\Users\vasilevae.24\AppData\Local\Microsoft\WindowsApps;C:\ProgramData\chocolatey\lib\mingw\tools\install\mingw64\bin;C:\tools\msys64;C:\Users\\AppData\Roaming\npm;C:\Program Files\JetBrains\PyCharm 2022.2\bin;;C:\Program Files\JetBrains\IntelliJ IDEA 2022.2\bin;;C:\Program Files\JetBrains\CLion 2022.2\bin;;C:\Users\vasilevae.24\.dotnet\tools
USERNAME=vasilevae.24
OS=Windows_NT
PROCESSOR_IDENTIFIER=Intel64 Family 6 Model 61 Stepping 4, GenuineIntel
TMP=C:\Temp
TEMP=C:\Temp



---------------  S Y S T E M  ---------------

OS:
 Windows 10 , 64 bit Build 19041 (10.0.19041.1889)
OS uptime: 4 days 1:42 hours

CPU: total 4 (initial active 4) (2 cores per cpu, 2 threads per core) family 6 model 61 stepping 4 microcode 0x2d, cx8, cmov, fxsr, ht, mmx, 3dnowpref, sse, sse2, sse3, ssse3, sse4.1, sse4.2, popcnt, lzcnt, tsc, tscinvbit, avx, avx2, aes, erms, clmul, bmi1, bmi2, adx, fma, vzeroupper, clflush

Memory: 4k page, system-wide physical 8077M (1109M free)
TotalPageFile size 8618M (AvailPageFile size 0M)
current process WorkingSet (physical memory assigned to process): 150M, peak: 150M
current process commit charge ("private bytes"): 221M, peak: 225M

vm_info: OpenJDK 64-Bit Server VM (17.0.5+8-LTS) for windows-amd64 JRE (17.0.5+8-LTS), built on Oct 13 2022 05:18:14 by "Administrator" with MS VC++ 15.9 (VS2017)

END.
